mode: set
leecode_practice/数组/217存在重复元素/main/main.go:6.15,10.2 0 0
leecode_practice/数组/217存在重复元素/main/main.go:11.41,13.2 1 0
leecode_practice/数组/217存在重复元素/main/main.go:14.42,17.18 3 1
leecode_practice/数组/217存在重复元素/main/main.go:23.2,23.14 1 1
leecode_practice/数组/217存在重复元素/main/main.go:17.18,18.27 1 1
leecode_practice/数组/217存在重复元素/main/main.go:21.3,21.23 1 1
leecode_practice/数组/217存在重复元素/main/main.go:18.27,20.4 1 0
leecode_practice/数组/217存在重复元素/main/main.go:25.42,29.18 3 1
leecode_practice/数组/217存在重复元素/main/main.go:34.2,34.14 1 0
leecode_practice/数组/217存在重复元素/main/main.go:29.18,30.24 1 1
leecode_practice/数组/217存在重复元素/main/main.go:30.24,32.4 1 1
